pygame 2.0.2 (SDL 2.0.16, Python 3.8.1)
Hello from the pygame community. https://www.pygame.org/contribute.html
Finished 10000 games.
Finished 20000 games.
Finished 30000 games.
Finished 40000 games.
Finished 50000 games.
Finished 60000 games.
Finished 70000 games.
Finished 80000 games.
Finished 90000 games.
Finished 100000 games.
Finished 110000 games.
Finished 120000 games.
Finished 130000 games.
Finished 140000 games.
Finished 150000 games.
Finished 160000 games.
Finished 170000 games.
Finished 180000 games.
Finished 190000 games.
Finished 200000 games.
Finished 210000 games.
Finished 220000 games.
Finished 230000 games.
Finished 240000 games.
Finished 250000 games.
Finished 260000 games.
Finished 270000 games.
Finished 280000 games.
Finished 290000 games.
Finished 300000 games.
Finished 310000 games.
Finished 320000 games.
Finished 330000 games.
Finished 340000 games.
Finished 350000 games.
Finished 360000 games.
Finished 370000 games.
Finished 380000 games.
Finished 390000 games.
Finished 400000 games.
Finished 410000 games.
Finished 420000 games.
Finished 430000 games.
Finished 440000 games.
Finished 450000 games.
Finished 460000 games.
Finished 470000 games.
Finished 480000 games.
Finished 490000 games.
Finished 500000 games.
Finished 510000 games.
Finished 520000 games.
Finished 530000 games.
Finished 540000 games.
Finished 550000 games.
Finished 560000 games.
Finished 570000 games.
Finished 580000 games.
Finished 590000 games.
Finished 600000 games.
Finished 610000 games.
Finished 620000 games.
Finished 630000 games.
Finished 640000 games.
Finished 650000 games.
Finished 660000 games.
Finished 670000 games.
Finished 680000 games.
Finished 690000 games.
Finished 700000 games.
Finished 710000 games.
Finished 720000 games.
Finished 730000 games.
Finished 740000 games.
Finished 750000 games.
Finished 760000 games.
Finished 770000 games.
Finished 780000 games.
Finished 790000 games.
Finished 800000 games.
Finished 810000 games.
Finished 820000 games.
Finished 830000 games.
Finished 840000 games.
Finished 850000 games.
Finished 860000 games.
Finished 870000 games.
Finished 880000 games.
Finished 890000 games.
Finished 900000 games.
Finished 910000 games.
Finished 920000 games.
Finished 930000 games.
Finished 940000 games.
Finished 950000 games.
Finished 960000 games.
Finished 970000 games.
Finished 980000 games.
Finished 990000 games.
Finished 1000000 games.
Average : 8.787314
Max score: 250
